{
	"numFailedTestSuites": 1,
	"numFailedTests": 0,
	"numPassedTestSuites": 3,
	"numPassedTests": 25,
	"numPendingTestSuites": 0,
	"numPendingTests": 0,
	"numRuntimeErrorTestSuites": 1,
	"numTodoTests": 0,
	"numTotalTestSuites": 4,
	"numTotalTests": 25,
	"openHandles": [],
	"snapshot": {
		"added": 0,
		"didUpdate": false,
		"failure": false,
		"filesAdded": 0,
		"filesRemoved": 0,
		"filesRemovedList": [],
		"filesUnmatched": 0,
		"filesUpdated": 0,
		"matched": 0,
		"total": 0,
		"unchecked": 0,
		"uncheckedKeysByFile": [],
		"unmatched": 0,
		"updated": 0
	},
	"startTime": 1686488337962,
	"success": false,
	"testResults": [
		{
			"assertionResults": [
				{
					"ancestorTitles": [
						"API Preparing data property value testing..."
					],
					"duration": 3,
					"failureDetails": [],
					"failureMessages": [],
					"fullName": "API Preparing data property value testing... Access to \"x.y[2]\" from data with string query testing...",
					"invocations": 1,
					"location": null,
					"numPassingAsserts": 1,
					"retryReasons": [],
					"status": "passed",
					"title": "Access to \"x.y[2]\" from data with string query testing..."
				},
				{
					"ancestorTitles": [
						"API Preparing data property value testing..."
					],
					"duration": 2,
					"failureDetails": [],
					"failureMessages": [],
					"fullName": "API Preparing data property value testing... Access to \"x\" from data with string query testing...",
					"invocations": 1,
					"location": null,
					"numPassingAsserts": 1,
					"retryReasons": [],
					"status": "passed",
					"title": "Access to \"x\" from data with string query testing..."
				},
				{
					"ancestorTitles": [
						"API Preparing data property value testing..."
					],
					"duration": 1,
					"failureDetails": [],
					"failureMessages": [],
					"fullName": "API Preparing data property value testing... Access to \"x.y.z[0].type\" from data with string query testing...",
					"invocations": 1,
					"location": null,
					"numPassingAsserts": 1,
					"retryReasons": [],
					"status": "passed",
					"title": "Access to \"x.y.z[0].type\" from data with string query testing..."
				},
				{
					"ancestorTitles": [
						"API Preparing data property value testing..."
					],
					"duration": 0,
					"failureDetails": [],
					"failureMessages": [],
					"fullName": "API Preparing data property value testing... Access to \"boxShadowItems[0].y\" from data with string query testing...",
					"invocations": 1,
					"location": null,
					"numPassingAsserts": 1,
					"retryReasons": [],
					"status": "passed",
					"title": "Access to \"boxShadowItems[0].y\" from data with string query testing..."
				}
			],
			"endTime": 1686488340832,
			"message": "",
			"name": "/Users/reza/Desktop/workflow/publisher/wp-content/plugins/publisher-blocks/libs/publisher-core/packages/data-extractor/src/test/prepare.spec.js",
			"startTime": 1686488338501,
			"status": "passed",
			"summary": ""
		},
		{
			"assertionResults": [
				{
					"ancestorTitles": [
						"Classnames testing ...",
						"Extensions classnames api testing ..."
					],
					"duration": 5,
					"failureDetails": [],
					"failureMessages": [],
					"fullName": "Classnames testing ... Extensions classnames api testing ... testing when passed names as String!",
					"invocations": 1,
					"location": null,
					"numPassingAsserts": 1,
					"retryReasons": [],
					"status": "passed",
					"title": "testing when passed names as String!"
				},
				{
					"ancestorTitles": [
						"Classnames testing ...",
						"Extensions classnames api testing ..."
					],
					"duration": 2,
					"failureDetails": [],
					"failureMessages": [],
					"fullName": "Classnames testing ... Extensions classnames api testing ... testing when passed names as multiple String!",
					"invocations": 1,
					"location": null,
					"numPassingAsserts": 1,
					"retryReasons": [],
					"status": "passed",
					"title": "testing when passed names as multiple String!"
				},
				{
					"ancestorTitles": [
						"Classnames testing ...",
						"Extensions classnames api testing ..."
					],
					"duration": 1,
					"failureDetails": [],
					"failureMessages": [],
					"fullName": "Classnames testing ... Extensions classnames api testing ... testing when passed names as Object!",
					"invocations": 1,
					"location": null,
					"numPassingAsserts": 1,
					"retryReasons": [],
					"status": "passed",
					"title": "testing when passed names as Object!"
				},
				{
					"ancestorTitles": [
						"Classnames testing ...",
						"Extensions classnames api testing ..."
					],
					"duration": 0,
					"failureDetails": [],
					"failureMessages": [],
					"fullName": "Classnames testing ... Extensions classnames api testing ... testing when passed names as Array!",
					"invocations": 1,
					"location": null,
					"numPassingAsserts": 1,
					"retryReasons": [],
					"status": "passed",
					"title": "testing when passed names as Array!"
				},
				{
					"ancestorTitles": [
						"Classnames testing ...",
						"Extensions classnames api testing ..."
					],
					"duration": 1,
					"failureDetails": [],
					"failureMessages": [],
					"fullName": "Classnames testing ... Extensions classnames api testing ... testing inner items",
					"invocations": 1,
					"location": null,
					"numPassingAsserts": 1,
					"retryReasons": [],
					"status": "passed",
					"title": "testing inner items"
				},
				{
					"ancestorTitles": [
						"Classnames testing ...",
						"Extensions classnames api testing ..."
					],
					"duration": 0,
					"failureDetails": [],
					"failureMessages": [],
					"fullName": "Classnames testing ... Extensions classnames api testing ... testing inner items -> multiple",
					"invocations": 1,
					"location": null,
					"numPassingAsserts": 1,
					"retryReasons": [],
					"status": "passed",
					"title": "testing inner items -> multiple"
				},
				{
					"ancestorTitles": [
						"Classnames testing ...",
						"Controls classnames api testing ..."
					],
					"duration": 1,
					"failureDetails": [],
					"failureMessages": [],
					"fullName": "Classnames testing ... Controls classnames api testing ... testing when passed names as String!",
					"invocations": 1,
					"location": null,
					"numPassingAsserts": 1,
					"retryReasons": [],
					"status": "passed",
					"title": "testing when passed names as String!"
				},
				{
					"ancestorTitles": [
						"Classnames testing ...",
						"Controls classnames api testing ..."
					],
					"duration": 0,
					"failureDetails": [],
					"failureMessages": [],
					"fullName": "Classnames testing ... Controls classnames api testing ... testing when passed names as Object!",
					"invocations": 1,
					"location": null,
					"numPassingAsserts": 1,
					"retryReasons": [],
					"status": "passed",
					"title": "testing when passed names as Object!"
				},
				{
					"ancestorTitles": [
						"Classnames testing ...",
						"Controls classnames api testing ..."
					],
					"duration": 0,
					"failureDetails": [],
					"failureMessages": [],
					"fullName": "Classnames testing ... Controls classnames api testing ... testing when passed names as Array!",
					"invocations": 1,
					"location": null,
					"numPassingAsserts": 1,
					"retryReasons": [],
					"status": "passed",
					"title": "testing when passed names as Array!"
				},
				{
					"ancestorTitles": [
						"Classnames testing ...",
						"Controls classnames api testing ..."
					],
					"duration": 0,
					"failureDetails": [],
					"failureMessages": [],
					"fullName": "Classnames testing ... Controls classnames api testing ... testing Inner classes",
					"invocations": 1,
					"location": null,
					"numPassingAsserts": 1,
					"retryReasons": [],
					"status": "passed",
					"title": "testing Inner classes"
				},
				{
					"ancestorTitles": [
						"Classnames testing ...",
						"Controls classnames api testing ..."
					],
					"duration": 0,
					"failureDetails": [],
					"failureMessages": [],
					"fullName": "Classnames testing ... Controls classnames api testing ... testing Inner classes -> multiple",
					"invocations": 1,
					"location": null,
					"numPassingAsserts": 1,
					"retryReasons": [],
					"status": "passed",
					"title": "testing Inner classes -> multiple"
				},
				{
					"ancestorTitles": [
						"Classnames testing ...",
						"Components classnames api testing ..."
					],
					"duration": 0,
					"failureDetails": [],
					"failureMessages": [],
					"fullName": "Classnames testing ... Components classnames api testing ... testing when passed names as String!",
					"invocations": 1,
					"location": null,
					"numPassingAsserts": 1,
					"retryReasons": [],
					"status": "passed",
					"title": "testing when passed names as String!"
				},
				{
					"ancestorTitles": [
						"Classnames testing ...",
						"Components classnames api testing ..."
					],
					"duration": 1,
					"failureDetails": [],
					"failureMessages": [],
					"fullName": "Classnames testing ... Components classnames api testing ... testing when passed names as Object!",
					"invocations": 1,
					"location": null,
					"numPassingAsserts": 1,
					"retryReasons": [],
					"status": "passed",
					"title": "testing when passed names as Object!"
				},
				{
					"ancestorTitles": [
						"Classnames testing ...",
						"Components classnames api testing ..."
					],
					"duration": 1,
					"failureDetails": [],
					"failureMessages": [],
					"fullName": "Classnames testing ... Components classnames api testing ... testing when passed names as Array!",
					"invocations": 1,
					"location": null,
					"numPassingAsserts": 1,
					"retryReasons": [],
					"status": "passed",
					"title": "testing when passed names as Array!"
				},
				{
					"ancestorTitles": [
						"Classnames testing ...",
						"Components classnames api testing ..."
					],
					"duration": 0,
					"failureDetails": [],
					"failureMessages": [],
					"fullName": "Classnames testing ... Components classnames api testing ... testing Inner class",
					"invocations": 1,
					"location": null,
					"numPassingAsserts": 1,
					"retryReasons": [],
					"status": "passed",
					"title": "testing Inner class"
				},
				{
					"ancestorTitles": [
						"Classnames testing ...",
						"Root classnames api testing ..."
					],
					"duration": 4,
					"failureDetails": [],
					"failureMessages": [],
					"fullName": "Classnames testing ... Root classnames api testing ... testing when passed names as String!",
					"invocations": 1,
					"location": null,
					"numPassingAsserts": 1,
					"retryReasons": [],
					"status": "passed",
					"title": "testing when passed names as String!"
				},
				{
					"ancestorTitles": [
						"Classnames testing ...",
						"Root classnames api testing ..."
					],
					"duration": 1,
					"failureDetails": [],
					"failureMessages": [],
					"fullName": "Classnames testing ... Root classnames api testing ... testing when passed names as Object!",
					"invocations": 1,
					"location": null,
					"numPassingAsserts": 1,
					"retryReasons": [],
					"status": "passed",
					"title": "testing when passed names as Object!"
				},
				{
					"ancestorTitles": [
						"Classnames testing ...",
						"Root classnames api testing ..."
					],
					"duration": 0,
					"failureDetails": [],
					"failureMessages": [],
					"fullName": "Classnames testing ... Root classnames api testing ... testing when passed names as Array!",
					"invocations": 1,
					"location": null,
					"numPassingAsserts": 1,
					"retryReasons": [],
					"status": "passed",
					"title": "testing when passed names as Array!"
				},
				{
					"ancestorTitles": [
						"Classnames testing ...",
						"Root classnames api testing ..."
					],
					"duration": 0,
					"failureDetails": [],
					"failureMessages": [],
					"fullName": "Classnames testing ... Root classnames api testing ... testing Inner class",
					"invocations": 1,
					"location": null,
					"numPassingAsserts": 1,
					"retryReasons": [],
					"status": "passed",
					"title": "testing Inner class"
				},
				{
					"ancestorTitles": [
						"Classnames testing ...",
						"Root classnames api testing ..."
					],
					"duration": 0,
					"failureDetails": [],
					"failureMessages": [],
					"fullName": "Classnames testing ... Root classnames api testing ... testing Inner class -> multiple",
					"invocations": 1,
					"location": null,
					"numPassingAsserts": 1,
					"retryReasons": [],
					"status": "passed",
					"title": "testing Inner class -> multiple"
				}
			],
			"endTime": 1686488340886,
			"message": "",
			"name": "/Users/reza/Desktop/workflow/publisher/wp-content/plugins/publisher-blocks/libs/publisher-core/packages/classnames/src/test/index.spec.js",
			"startTime": 1686488338518,
			"status": "passed",
			"summary": ""
		},
		{
			"assertionResults": [],
			"coverage": {},
			"endTime": 1686488341988,
			"message": "  \u001b[1m● \u001b[22mTest suite failed to run\n\n    Cannot find module '@publisher/extensions/src/controls/box-shadow/helpers' from 'packages/style-engine/src/test/css-generator.spec.js'\n\n    \u001b[0m \u001b[90m 3 |\u001b[39m \u001b[90m */\u001b[39m\u001b[0m\n    \u001b[0m \u001b[90m 4 |\u001b[39m \u001b[36mimport\u001b[39m \u001b[33mCssGenerators\u001b[39m \u001b[36mfrom\u001b[39m \u001b[32m'@publisher/style-engine'\u001b[39m\u001b[33m;\u001b[39m\u001b[0m\n    \u001b[0m\u001b[31m\u001b[1m>\u001b[22m\u001b[39m\u001b[90m 5 |\u001b[39m \u001b[36mimport\u001b[39m helpers \u001b[36mfrom\u001b[39m \u001b[32m'@publisher/extensions/src/controls/box-shadow/helpers'\u001b[39m\u001b[33m;\u001b[39m\u001b[0m\n    \u001b[0m \u001b[90m   |\u001b[39m \u001b[31m\u001b[1m^\u001b[22m\u001b[39m\u001b[0m\n    \u001b[0m \u001b[90m 6 |\u001b[39m\u001b[0m\n    \u001b[0m \u001b[90m 7 |\u001b[39m \u001b[36mconst\u001b[39m blockProps \u001b[33m=\u001b[39m {\u001b[0m\n    \u001b[0m \u001b[90m 8 |\u001b[39m \tclientId\u001b[33m:\u001b[39m \u001b[35m12354645546\u001b[39m\u001b[33m,\u001b[39m\u001b[0m\n\n      \u001b[2mat Resolver._throwModNotFoundError (\u001b[22mnode_modules/jest-cli/node_modules/jest-resolve/build/resolver.js\u001b[2m:427:11)\u001b[22m\n      \u001b[2mat Object.require (\u001b[22m\u001b[0m\u001b[36mpackages/style-engine/src/test/css-generator.spec.js\u001b[39m\u001b[0m\u001b[2m:5:1)\u001b[22m\n",
			"name": "/Users/reza/Desktop/workflow/publisher/wp-content/plugins/publisher-blocks/libs/publisher-core/packages/style-engine/src/test/css-generator.spec.js",
			"startTime": 1686488341988,
			"status": "failed",
			"summary": ""
		},
		{
			"assertionResults": [
				{
					"ancestorTitles": ["testing input control"],
					"duration": 2,
					"failureDetails": [],
					"failureMessages": [],
					"fullName": "testing input control InputControl render correctly",
					"invocations": 1,
					"location": null,
					"numPassingAsserts": 1,
					"retryReasons": [],
					"status": "passed",
					"title": "InputControl render correctly"
				}
			],
			"endTime": 1686488341921,
			"message": "",
			"name": "/Users/reza/Desktop/workflow/publisher/wp-content/plugins/publisher-blocks/libs/publisher-core/packages/controls/src/input-control/test/input.spec.js",
			"startTime": 1686488338502,
			"status": "passed",
			"summary": ""
		}
	],
	"wasInterrupted": false
}
